2019-03-11 10:56:44,510 [main] INFO  com.jiayq.ks.KsApplication 50 - Starting KsApplication on I142P6IZ9RBKIC5 with PID 9612 (E:\source\ks\ks-manager\target\classes started by Administrator in E:\source\ks\ks-manager)
2019-03-11 10:56:44,521 [main] INFO  com.jiayq.ks.KsApplication 675 - No active profile set, falling back to default profiles: default
2019-03-11 10:56:45,434 [main] INFO  o.s.d.r.c.RepositoryConfigurationDelegate 126 - Bootstrapping Spring Data repositories in DEFAULT mode.
2019-03-11 10:56:45,545 [main] INFO  o.s.d.r.c.RepositoryConfigurationDelegate 182 - Finished Spring Data repository scanning in 105ms. Found 14 repository interfaces.
2019-03-11 10:56:45,971 [main] INFO  o.s.c.s.PostProcessorRegistrationDelegate$BeanPostProcessorChecker 330 - Bean 'org.springframework.transaction.annotation.ProxyTransactionManagementConfiguration' of type [org.springframework.transaction.annotation.ProxyTransactionManagementConfiguration$$EnhancerBySpringCGLIB$$3ce6a74b] is not eligible for getting processed by all BeanPostProcessors (for example: not eligible for auto-proxying)
2019-03-11 10:56:46,423 [main] INFO  o.s.b.w.e.tomcat.TomcatWebServer 90 - Tomcat initialized with port(s): 8080 (http)
2019-03-11 10:56:46,444 [main] INFO  o.a.coyote.http11.Http11NioProtocol 173 - Initializing ProtocolHandler ["http-nio-8080"]
2019-03-11 10:56:46,456 [main] INFO  o.a.catalina.core.StandardService 173 - Starting service [Tomcat]
2019-03-11 10:56:46,456 [main] INFO  o.a.catalina.core.StandardEngine 173 - Starting Servlet engine: [Apache Tomcat/9.0.14]
2019-03-11 10:56:46,468 [main] INFO  o.a.c.core.AprLifecycleListener 173 - The APR based Apache Tomcat Native library which allows optimal performance in production environments was not found on the java.library.path: [D:\Program Files\Java\jdk1.8.0_144\bin;C:\WINDOWS\Sun\Java\bin;C:\WINDOWS\system32;C:\WINDOWS;D:/Program Files (x86)/java/bin/server;D:/Program Files (x86)/java/bin;D:/Program Files (x86)/java/lib/amd64;C:\ProgramData\Oracle\Java\javapath;C:\WINDOWS\system32;C:\WINDOWS;C:\WINDOWS\System32\Wbem;C:\WINDOWS\System32\WindowsPowerShell\v1.0\;D:\Program Files\TortoiseSVN\bin;D:\Program Files\nodejs\;d:\Program Files\Git\cmd;C:\WINDOWS\System32\OpenSSH\;D:\Go\bin;C:\Users\Administrator\AppData\Roaming\npm\node_modules\cnpm\node_modules\npminstall\node-gyp-bin;C:\Users\Administrator\AppData\Roaming\npm\node_modules\windows-build-tools\node_modules\.bin;C:\Users\Administrator\AppData\Roaming\npm\node_modules\windows-build-tools\node_modules\.bin;C:\ProgramData\Oracle\Java\javapath;C:\WINDOWS\system32;C:\WINDOWS;C:\WINDOWS\System32\Wbem;C:\WINDOWS\System32\WindowsPowerShell\v1.0\;D:\Program Files\TortoiseSVN\bin;D:\Program Files\nodejs\;d:\Program Files\Git\cmd;C:\WINDOWS\System32\OpenSSH\;D:\Go\bin;C:\Users\Administrator\AppData\Local\Programs\Python\Python36;C:\Users\Administrator\AppData\Local\Microsoft\WindowsApps;D:\Program Files\Java\jdk1.8.0_144\bin;D:\Program Files (x86)\maven\apache-maven-3.5.2\bin;C:\Users\Administrator\AppData\Roaming\npm;d:\Users\Administrator\AppData\Local\Programs\Fiddler;C:\Users\Administrator\AppData\Local\Microsoft\WindowsApps;D:\Program Files\mingw-w64\x86_64-8.1.0-win32-seh-rt_v6-rev0\mingw64\bin;D:\ant\apache-ant-1.10.5-bin\apache-ant-1.10.5\bin;C:\Users\Administrator\go\bin;"C:\Users\Administrator\AppData\Local\Android\Sdk\platform-tools;C:\Users\Administrator\AppData\Local\Android\Sdk\tools";C:\Users\Administrator\AppData\Local\Programs\Python\Python36\Scripts;;D:\sts-3.9.1.RELEASE;;.]
2019-03-11 10:56:46,633 [main] INFO  o.a.c.c.C.[Tomcat].[localhost].[/] 173 - Initializing Spring embedded WebApplicationContext
2019-03-11 10:56:46,633 [main] INFO  o.s.web.context.ContextLoader 296 - Root WebApplicationContext: initialization completed in 2054 ms
2019-03-11 10:56:46,815 [main] INFO  com.zaxxer.hikari.HikariDataSource 110 - HikariPool-1 - Starting...
2019-03-11 10:56:47,027 [main] INFO  com.zaxxer.hikari.HikariDataSource 123 - HikariPool-1 - Start completed.
2019-03-11 10:56:47,079 [main] INFO  o.h.jpa.internal.util.LogHelper 31 - HHH000204: Processing PersistenceUnitInfo [
	name: default
	...]
2019-03-11 10:56:47,145 [main] INFO  org.hibernate.Version 46 - HHH000412: Hibernate Core {5.3.7.Final}
2019-03-11 10:56:47,146 [main] INFO  org.hibernate.cfg.Environment 213 - HHH000206: hibernate.properties not found
2019-03-11 10:56:47,333 [main] INFO  o.h.annotations.common.Version 49 - HCANN000001: Hibernate Commons Annotations {5.0.4.Final}
2019-03-11 10:56:47,542 [main] INFO  org.hibernate.dialect.Dialect 157 - HHH000400: Using dialect: org.hibernate.dialect.MySQL5Dialect
2019-03-11 10:56:47,764 [main] WARN  org.hibernate.id.UUIDHexGenerator 42 - HHH000409: Using org.hibernate.id.UUIDHexGenerator which does not generate IETF RFC 4122 compliant UUID values; consider using org.hibernate.id.UUIDGenerator instead
2019-03-11 10:56:48,715 [main] INFO  o.s.o.j.LocalContainerEntityManagerFactoryBean 415 - Initialized JPA EntityManagerFactory for persistence unit 'default'
2019-03-11 10:56:49,335 [main] INFO  o.h.h.i.QueryTranslatorFactoryInitiator 47 - HHH000397: Using ASTQueryTranslatorFactory
2019-03-11 10:56:49,703 [main] INFO  o.s.s.web.DefaultSecurityFilterChain 43 - Creating filter chain: Ant [pattern='/frame/**'], []
2019-03-11 10:56:49,703 [main] INFO  o.s.s.web.DefaultSecurityFilterChain 43 - Creating filter chain: Ant [pattern='/app/**'], []
2019-03-11 10:56:49,704 [main] INFO  o.s.s.web.DefaultSecurityFilterChain 43 - Creating filter chain: Ant [pattern='/jquery-easyui-1.7.0/**'], []
2019-03-11 10:56:49,736 [main] INFO  o.s.s.web.DefaultSecurityFilterChain 43 - Creating filter chain: any request, [org.springframework.security.web.context.request.async.WebAsyncManagerIntegrationFilter@4c2bea52, org.springframework.security.web.context.SecurityContextPersistenceFilter@131c0b6f, org.springframework.security.web.header.HeaderWriterFilter@2570b316, org.springframework.security.web.authentication.logout.LogoutFilter@70777a65, org.springframework.security.web.authentication.UsernamePasswordAuthenticationFilter@5950054d, org.springframework.security.web.savedrequest.RequestCacheAwareFilter@68d8ae27, org.springframework.security.web.servletapi.SecurityContextHolderAwareRequestFilter@75a9cc24, org.springframework.security.web.authentication.AnonymousAuthenticationFilter@11015ca0, org.springframework.security.web.session.SessionManagementFilter@75c33608, org.springframework.security.web.access.ExceptionTranslationFilter@75b363c3, org.springframework.security.web.access.intercept.FilterSecurityInterceptor@5402612e]
2019-03-11 10:56:49,891 [main] INFO  o.s.s.c.ThreadPoolTaskExecutor 171 - Initializing ExecutorService 'applicationTaskExecutor'
2019-03-11 10:56:49,927 [main] WARN  o.s.b.a.o.j.JpaBaseConfiguration$JpaWebConfiguration$JpaWebMvcConfiguration 234 - spring.jpa.open-in-view is enabled by default. Therefore, database queries may be performed during view rendering. Explicitly configure spring.jpa.open-in-view to disable this warning
2019-03-11 10:56:50,022 [main] INFO  o.s.b.a.w.s.WelcomePageHandlerMapping 61 - Adding welcome page template: index
2019-03-11 10:56:50,374 [main] INFO  o.s.s.c.ThreadPoolTaskScheduler 171 - Initializing ExecutorService 'taskScheduler'
2019-03-11 10:56:50,509 [main] INFO  o.a.coyote.http11.Http11NioProtocol 173 - Starting ProtocolHandler ["http-nio-8080"]
2019-03-11 10:56:50,569 [main] INFO  o.s.b.w.e.tomcat.TomcatWebServer 204 - Tomcat started on port(s): 8080 (http) with context path ''
2019-03-11 10:56:50,571 [main] INFO  com.jiayq.ks.KsApplication 59 - Started KsApplication in 6.744 seconds (JVM running for 8.35)
2019-03-11 10:57:08,441 [http-nio-8080-exec-1] INFO  o.a.c.c.C.[Tomcat].[localhost].[/] 173 - Initializing Spring DispatcherServlet 'dispatcherServlet'
2019-03-11 10:57:08,441 [http-nio-8080-exec-1] INFO  o.s.web.servlet.DispatcherServlet 524 - Initializing Servlet 'dispatcherServlet'
2019-03-11 10:57:08,450 [http-nio-8080-exec-1] INFO  o.s.web.servlet.DispatcherServlet 546 - Completed initialization in 9 ms
2019-03-11 11:29:13,428 [RMI TCP Connection(3)-127.0.0.1] INFO  o.s.b.a.SpringApplicationAdminMXBeanRegistrar$SpringApplicationAdmin 164 - Application shutdown requested.
2019-03-11 11:29:13,428 [RMI TCP Connection(4)-127.0.0.1] INFO  o.s.b.a.SpringApplicationAdminMXBeanRegistrar$SpringApplicationAdmin 164 - Application shutdown requested.
2019-03-11 11:29:13,431 [RMI TCP Connection(3)-127.0.0.1] INFO  o.s.s.c.ThreadPoolTaskScheduler 208 - Shutting down ExecutorService 'taskScheduler'
2019-03-11 11:29:13,431 [RMI TCP Connection(3)-127.0.0.1] INFO  o.s.s.c.ThreadPoolTaskExecutor 208 - Shutting down ExecutorService 'applicationTaskExecutor'
2019-03-11 11:29:13,434 [RMI TCP Connection(3)-127.0.0.1] INFO  o.s.o.j.LocalContainerEntityManagerFactoryBean 597 - Closing JPA EntityManagerFactory for persistence unit 'default'
2019-03-11 11:29:13,438 [RMI TCP Connection(3)-127.0.0.1] INFO  com.zaxxer.hikari.HikariDataSource 350 - HikariPool-1 - Shutdown initiated...
2019-03-11 11:29:13,455 [RMI TCP Connection(3)-127.0.0.1] INFO  com.zaxxer.hikari.HikariDataSource 352 - HikariPool-1 - Shutdown completed.
2019-03-11 13:12:51,323 [main] INFO  com.jiayq.ks.KsApplication 50 - Starting KsApplication on I142P6IZ9RBKIC5 with PID 18724 (E:\source\ks\ks-manager\target\classes started by Administrator in E:\source\ks\ks-manager)
2019-03-11 13:12:51,325 [main] INFO  com.jiayq.ks.KsApplication 675 - No active profile set, falling back to default profiles: default
2019-03-11 13:12:51,898 [main] INFO  o.s.d.r.c.RepositoryConfigurationDelegate 126 - Bootstrapping Spring Data repositories in DEFAULT mode.
2019-03-11 13:12:51,996 [main] INFO  o.s.d.r.c.RepositoryConfigurationDelegate 182 - Finished Spring Data repository scanning in 93ms. Found 14 repository interfaces.
2019-03-11 13:12:52,298 [main] INFO  o.s.c.s.PostProcessorRegistrationDelegate$BeanPostProcessorChecker 330 - Bean 'org.springframework.transaction.annotation.ProxyTransactionManagementConfiguration' of type [org.springframework.transaction.annotation.ProxyTransactionManagementConfiguration$$EnhancerBySpringCGLIB$$35cd514] is not eligible for getting processed by all BeanPostProcessors (for example: not eligible for auto-proxying)
2019-03-11 13:12:52,665 [main] INFO  o.s.b.w.e.tomcat.TomcatWebServer 90 - Tomcat initialized with port(s): 8080 (http)
2019-03-11 13:12:52,676 [main] INFO  o.a.coyote.http11.Http11NioProtocol 173 - Initializing ProtocolHandler ["http-nio-8080"]
2019-03-11 13:12:52,683 [main] INFO  o.a.catalina.core.StandardService 173 - Starting service [Tomcat]
2019-03-11 13:12:52,684 [main] INFO  o.a.catalina.core.StandardEngine 173 - Starting Servlet engine: [Apache Tomcat/9.0.14]
2019-03-11 13:12:52,689 [main] INFO  o.a.c.core.AprLifecycleListener 173 - The APR based Apache Tomcat Native library which allows optimal performance in production environments was not found on the java.library.path: [D:\Program Files\Java\jdk1.8.0_144\bin;C:\WINDOWS\Sun\Java\bin;C:\WINDOWS\system32;C:\WINDOWS;D:/Program Files (x86)/java/bin/server;D:/Program Files (x86)/java/bin;D:/Program Files (x86)/java/lib/amd64;C:\ProgramData\Oracle\Java\javapath;C:\WINDOWS\system32;C:\WINDOWS;C:\WINDOWS\System32\Wbem;C:\WINDOWS\System32\WindowsPowerShell\v1.0\;D:\Program Files\TortoiseSVN\bin;D:\Program Files\nodejs\;d:\Program Files\Git\cmd;C:\WINDOWS\System32\OpenSSH\;D:\Go\bin;C:\Users\Administrator\AppData\Roaming\npm\node_modules\cnpm\node_modules\npminstall\node-gyp-bin;C:\Users\Administrator\AppData\Roaming\npm\node_modules\windows-build-tools\node_modules\.bin;C:\Users\Administrator\AppData\Roaming\npm\node_modules\windows-build-tools\node_modules\.bin;C:\ProgramData\Oracle\Java\javapath;C:\WINDOWS\system32;C:\WINDOWS;C:\WINDOWS\System32\Wbem;C:\WINDOWS\System32\WindowsPowerShell\v1.0\;D:\Program Files\TortoiseSVN\bin;D:\Program Files\nodejs\;d:\Program Files\Git\cmd;C:\WINDOWS\System32\OpenSSH\;D:\Go\bin;C:\Users\Administrator\AppData\Local\Programs\Python\Python36;C:\Users\Administrator\AppData\Local\Microsoft\WindowsApps;D:\Program Files\Java\jdk1.8.0_144\bin;D:\Program Files (x86)\maven\apache-maven-3.5.2\bin;C:\Users\Administrator\AppData\Roaming\npm;d:\Users\Administrator\AppData\Local\Programs\Fiddler;C:\Users\Administrator\AppData\Local\Microsoft\WindowsApps;D:\Program Files\mingw-w64\x86_64-8.1.0-win32-seh-rt_v6-rev0\mingw64\bin;D:\ant\apache-ant-1.10.5-bin\apache-ant-1.10.5\bin;C:\Users\Administrator\go\bin;"C:\Users\Administrator\AppData\Local\Android\Sdk\platform-tools;C:\Users\Administrator\AppData\Local\Android\Sdk\tools";C:\Users\Administrator\AppData\Local\Programs\Python\Python36\Scripts;;D:\sts-3.9.1.RELEASE;;.]
2019-03-11 13:12:52,847 [main] INFO  o.a.c.c.C.[Tomcat].[localhost].[/] 173 - Initializing Spring embedded WebApplicationContext
2019-03-11 13:12:52,847 [main] INFO  o.s.web.context.ContextLoader 296 - Root WebApplicationContext: initialization completed in 1491 ms
2019-03-11 13:12:53,047 [main] INFO  com.zaxxer.hikari.HikariDataSource 110 - HikariPool-1 - Starting...
2019-03-11 13:12:53,133 [main] INFO  com.zaxxer.hikari.HikariDataSource 123 - HikariPool-1 - Start completed.
2019-03-11 13:12:53,177 [main] INFO  o.h.jpa.internal.util.LogHelper 31 - HHH000204: Processing PersistenceUnitInfo [
	name: default
	...]
2019-03-11 13:12:53,223 [main] INFO  org.hibernate.Version 46 - HHH000412: Hibernate Core {5.3.7.Final}
2019-03-11 13:12:53,224 [main] INFO  org.hibernate.cfg.Environment 213 - HHH000206: hibernate.properties not found
2019-03-11 13:12:53,333 [main] INFO  o.h.annotations.common.Version 49 - HCANN000001: Hibernate Commons Annotations {5.0.4.Final}
2019-03-11 13:12:53,517 [main] INFO  org.hibernate.dialect.Dialect 157 - HHH000400: Using dialect: org.hibernate.dialect.MySQL5Dialect
2019-03-11 13:12:53,644 [main] WARN  org.hibernate.id.UUIDHexGenerator 42 - HHH000409: Using org.hibernate.id.UUIDHexGenerator which does not generate IETF RFC 4122 compliant UUID values; consider using org.hibernate.id.UUIDGenerator instead
2019-03-11 13:12:54,193 [main] INFO  o.s.o.j.LocalContainerEntityManagerFactoryBean 415 - Initialized JPA EntityManagerFactory for persistence unit 'default'
2019-03-11 13:12:54,724 [main] INFO  o.h.h.i.QueryTranslatorFactoryInitiator 47 - HHH000397: Using ASTQueryTranslatorFactory
2019-03-11 13:12:55,034 [main] INFO  o.s.s.web.DefaultSecurityFilterChain 43 - Creating filter chain: Ant [pattern='/frame/**'], []
2019-03-11 13:12:55,034 [main] INFO  o.s.s.web.DefaultSecurityFilterChain 43 - Creating filter chain: Ant [pattern='/app/**'], []
2019-03-11 13:12:55,034 [main] INFO  o.s.s.web.DefaultSecurityFilterChain 43 - Creating filter chain: Ant [pattern='/jquery-easyui-1.7.0/**'], []
2019-03-11 13:12:55,065 [main] INFO  o.s.s.web.DefaultSecurityFilterChain 43 - Creating filter chain: any request, [org.springframework.security.web.context.request.async.WebAsyncManagerIntegrationFilter@1f5d7fd5, org.springframework.security.web.context.SecurityContextPersistenceFilter@241d1052, org.springframework.security.web.header.HeaderWriterFilter@2a16d4dc, org.springframework.security.web.authentication.logout.LogoutFilter@64665781, org.springframework.security.web.authentication.UsernamePasswordAuthenticationFilter@35ceec81, org.springframework.security.web.savedrequest.RequestCacheAwareFilter@5bb99d1d, org.springframework.security.web.servletapi.SecurityContextHolderAwareRequestFilter@2f73f0c7, org.springframework.security.web.authentication.AnonymousAuthenticationFilter@cf08c97, org.springframework.security.web.session.SessionManagementFilter@13d984ee, org.springframework.security.web.access.ExceptionTranslationFilter@69c33ea2, org.springframework.security.web.access.intercept.FilterSecurityInterceptor@1255de25]
2019-03-11 13:12:55,235 [main] INFO  o.s.s.c.ThreadPoolTaskExecutor 171 - Initializing ExecutorService 'applicationTaskExecutor'
2019-03-11 13:12:55,268 [main] WARN  o.s.b.a.o.j.JpaBaseConfiguration$JpaWebConfiguration$JpaWebMvcConfiguration 234 - spring.jpa.open-in-view is enabled by default. Therefore, database queries may be performed during view rendering. Explicitly configure spring.jpa.open-in-view to disable this warning
2019-03-11 13:12:55,341 [main] INFO  o.s.b.a.w.s.WelcomePageHandlerMapping 61 - Adding welcome page template: index
2019-03-11 13:12:55,651 [main] INFO  o.s.s.c.ThreadPoolTaskScheduler 171 - Initializing ExecutorService 'taskScheduler'
2019-03-11 13:12:55,763 [main] INFO  o.a.coyote.http11.Http11NioProtocol 173 - Starting ProtocolHandler ["http-nio-8080"]
2019-03-11 13:12:55,782 [main] INFO  o.s.b.w.e.tomcat.TomcatWebServer 204 - Tomcat started on port(s): 8080 (http) with context path ''
2019-03-11 13:12:55,784 [main] INFO  com.jiayq.ks.KsApplication 59 - Started KsApplication in 4.782 seconds (JVM running for 5.749)
2019-03-11 13:13:01,798 [http-nio-8080-exec-1] INFO  o.a.c.c.C.[Tomcat].[localhost].[/] 173 - Initializing Spring DispatcherServlet 'dispatcherServlet'
2019-03-11 13:13:01,799 [http-nio-8080-exec-1] INFO  o.s.web.servlet.DispatcherServlet 524 - Initializing Servlet 'dispatcherServlet'
2019-03-11 13:13:01,806 [http-nio-8080-exec-1] INFO  o.s.web.servlet.DispatcherServlet 546 - Completed initialization in 7 ms
2019-03-11 15:47:05,896 [RMI TCP Connection(3)-127.0.0.1] INFO  o.s.b.a.SpringApplicationAdminMXBeanRegistrar$SpringApplicationAdmin 164 - Application shutdown requested.
2019-03-11 15:47:05,896 [RMI TCP Connection(2)-127.0.0.1] INFO  o.s.b.a.SpringApplicationAdminMXBeanRegistrar$SpringApplicationAdmin 164 - Application shutdown requested.
2019-03-11 15:47:05,902 [RMI TCP Connection(3)-127.0.0.1] INFO  o.s.s.c.ThreadPoolTaskScheduler 208 - Shutting down ExecutorService 'taskScheduler'
2019-03-11 15:47:05,902 [RMI TCP Connection(3)-127.0.0.1] INFO  o.s.s.c.ThreadPoolTaskExecutor 208 - Shutting down ExecutorService 'applicationTaskExecutor'
2019-03-11 15:47:05,907 [RMI TCP Connection(3)-127.0.0.1] INFO  o.s.o.j.LocalContainerEntityManagerFactoryBean 597 - Closing JPA EntityManagerFactory for persistence unit 'default'
2019-03-11 15:47:05,913 [RMI TCP Connection(3)-127.0.0.1] INFO  com.zaxxer.hikari.HikariDataSource 350 - HikariPool-1 - Shutdown initiated...
2019-03-11 15:47:05,919 [RMI TCP Connection(3)-127.0.0.1] INFO  com.zaxxer.hikari.HikariDataSource 352 - HikariPool-1 - Shutdown completed.
2019-03-11 15:47:15,155 [main] INFO  com.jiayq.ks.KsApplication 50 - Starting KsApplication on I142P6IZ9RBKIC5 with PID 232 (E:\source\ks\ks-manager\target\classes started by Administrator in E:\source\ks\ks-manager)
2019-03-11 15:47:15,160 [main] INFO  com.jiayq.ks.KsApplication 675 - No active profile set, falling back to default profiles: default
2019-03-11 15:47:15,867 [main] INFO  o.s.d.r.c.RepositoryConfigurationDelegate 126 - Bootstrapping Spring Data repositories in DEFAULT mode.
2019-03-11 15:47:15,980 [main] INFO  o.s.d.r.c.RepositoryConfigurationDelegate 182 - Finished Spring Data repository scanning in 108ms. Found 14 repository interfaces.
2019-03-11 15:47:16,330 [main] INFO  o.s.c.s.PostProcessorRegistrationDelegate$BeanPostProcessorChecker 330 - Bean 'org.springframework.transaction.annotation.ProxyTransactionManagementConfiguration' of type [org.springframework.transaction.annotation.ProxyTransactionManagementConfiguration$$EnhancerBySpringCGLIB$$31425761] is not eligible for getting processed by all BeanPostProcessors (for example: not eligible for auto-proxying)
2019-03-11 15:47:16,741 [main] INFO  o.s.b.w.e.tomcat.TomcatWebServer 90 - Tomcat initialized with port(s): 8080 (http)
2019-03-11 15:47:16,752 [main] INFO  o.a.coyote.http11.Http11NioProtocol 173 - Initializing ProtocolHandler ["http-nio-8080"]
2019-03-11 15:47:16,759 [main] INFO  o.a.catalina.core.StandardService 173 - Starting service [Tomcat]
2019-03-11 15:47:16,759 [main] INFO  o.a.catalina.core.StandardEngine 173 - Starting Servlet engine: [Apache Tomcat/9.0.14]
2019-03-11 15:47:16,765 [main] INFO  o.a.c.core.AprLifecycleListener 173 - The APR based Apache Tomcat Native library which allows optimal performance in production environments was not found on the java.library.path: [D:\Program Files\Java\jdk1.8.0_144\bin;C:\WINDOWS\Sun\Java\bin;C:\WINDOWS\system32;C:\WINDOWS;D:/Program Files (x86)/java/bin/server;D:/Program Files (x86)/java/bin;D:/Program Files (x86)/java/lib/amd64;C:\ProgramData\Oracle\Java\javapath;C:\WINDOWS\system32;C:\WINDOWS;C:\WINDOWS\System32\Wbem;C:\WINDOWS\System32\WindowsPowerShell\v1.0\;D:\Program Files\TortoiseSVN\bin;D:\Program Files\nodejs\;d:\Program Files\Git\cmd;C:\WINDOWS\System32\OpenSSH\;D:\Go\bin;C:\Users\Administrator\AppData\Roaming\npm\node_modules\cnpm\node_modules\npminstall\node-gyp-bin;C:\Users\Administrator\AppData\Roaming\npm\node_modules\windows-build-tools\node_modules\.bin;C:\Users\Administrator\AppData\Roaming\npm\node_modules\windows-build-tools\node_modules\.bin;C:\ProgramData\Oracle\Java\javapath;C:\WINDOWS\system32;C:\WINDOWS;C:\WINDOWS\System32\Wbem;C:\WINDOWS\System32\WindowsPowerShell\v1.0\;D:\Program Files\TortoiseSVN\bin;D:\Program Files\nodejs\;d:\Program Files\Git\cmd;C:\WINDOWS\System32\OpenSSH\;D:\Go\bin;C:\Users\Administrator\AppData\Local\Programs\Python\Python36;C:\Users\Administrator\AppData\Local\Microsoft\WindowsApps;D:\Program Files\Java\jdk1.8.0_144\bin;D:\Program Files (x86)\maven\apache-maven-3.5.2\bin;C:\Users\Administrator\AppData\Roaming\npm;d:\Users\Administrator\AppData\Local\Programs\Fiddler;C:\Users\Administrator\AppData\Local\Microsoft\WindowsApps;D:\Program Files\mingw-w64\x86_64-8.1.0-win32-seh-rt_v6-rev0\mingw64\bin;D:\ant\apache-ant-1.10.5-bin\apache-ant-1.10.5\bin;C:\Users\Administrator\go\bin;"C:\Users\Administrator\AppData\Local\Android\Sdk\platform-tools;C:\Users\Administrator\AppData\Local\Android\Sdk\tools";C:\Users\Administrator\AppData\Local\Programs\Python\Python36\Scripts;;D:\sts-3.9.1.RELEASE;;.]
2019-03-11 15:47:16,967 [main] INFO  o.a.c.c.C.[Tomcat].[localhost].[/] 173 - Initializing Spring embedded WebApplicationContext
2019-03-11 15:47:16,968 [main] INFO  o.s.web.context.ContextLoader 296 - Root WebApplicationContext: initialization completed in 1763 ms
2019-03-11 15:47:17,214 [main] INFO  com.zaxxer.hikari.HikariDataSource 110 - HikariPool-1 - Starting...
2019-03-11 15:47:17,372 [main] INFO  com.zaxxer.hikari.HikariDataSource 123 - HikariPool-1 - Start completed.
2019-03-11 15:47:17,425 [main] INFO  o.h.jpa.internal.util.LogHelper 31 - HHH000204: Processing PersistenceUnitInfo [
	name: default
	...]
2019-03-11 15:47:17,476 [main] INFO  org.hibernate.Version 46 - HHH000412: Hibernate Core {5.3.7.Final}
2019-03-11 15:47:17,477 [main] INFO  org.hibernate.cfg.Environment 213 - HHH000206: hibernate.properties not found
2019-03-11 15:47:17,607 [main] INFO  o.h.annotations.common.Version 49 - HCANN000001: Hibernate Commons Annotations {5.0.4.Final}
2019-03-11 15:47:17,858 [main] INFO  org.hibernate.dialect.Dialect 157 - HHH000400: Using dialect: org.hibernate.dialect.MySQL5Dialect
2019-03-11 15:47:18,021 [main] WARN  org.hibernate.id.UUIDHexGenerator 42 - HHH000409: Using org.hibernate.id.UUIDHexGenerator which does not generate IETF RFC 4122 compliant UUID values; consider using org.hibernate.id.UUIDGenerator instead
2019-03-11 15:47:18,629 [main] INFO  o.s.o.j.LocalContainerEntityManagerFactoryBean 415 - Initialized JPA EntityManagerFactory for persistence unit 'default'
2019-03-11 15:47:19,317 [main] INFO  o.h.h.i.QueryTranslatorFactoryInitiator 47 - HHH000397: Using ASTQueryTranslatorFactory
2019-03-11 15:47:19,675 [main] INFO  o.s.s.web.DefaultSecurityFilterChain 43 - Creating filter chain: Ant [pattern='/frame/**'], []
2019-03-11 15:47:19,675 [main] INFO  o.s.s.web.DefaultSecurityFilterChain 43 - Creating filter chain: Ant [pattern='/app/**'], []
2019-03-11 15:47:19,675 [main] INFO  o.s.s.web.DefaultSecurityFilterChain 43 - Creating filter chain: Ant [pattern='/jquery-easyui-1.7.0/**'], []
2019-03-11 15:47:19,724 [main] INFO  o.s.s.web.DefaultSecurityFilterChain 43 - Creating filter chain: any request, [org.springframework.security.web.context.request.async.WebAsyncManagerIntegrationFilter@6ae42248, org.springframework.security.web.context.SecurityContextPersistenceFilter@304744a1, org.springframework.security.web.header.HeaderWriterFilter@68d8ae27, org.springframework.security.web.authentication.logout.LogoutFilter@288409f0, org.springframework.security.web.authentication.UsernamePasswordAuthenticationFilter@6ebbc06, org.springframework.security.web.savedrequest.RequestCacheAwareFilter@6814262d, org.springframework.security.web.servletapi.SecurityContextHolderAwareRequestFilter@7df3da0b, org.springframework.security.web.authentication.AnonymousAuthenticationFilter@40c28b0d, org.springframework.security.web.session.SessionManagementFilter@6be50b35, org.springframework.security.web.access.ExceptionTranslationFilter@25464154, org.springframework.security.web.access.intercept.FilterSecurityInterceptor@4fdac2a7]
2019-03-11 15:47:19,925 [main] INFO  o.s.s.c.ThreadPoolTaskExecutor 171 - Initializing ExecutorService 'applicationTaskExecutor'
2019-03-11 15:47:19,961 [main] WARN  o.s.b.a.o.j.JpaBaseConfiguration$JpaWebConfiguration$JpaWebMvcConfiguration 234 - spring.jpa.open-in-view is enabled by default. Therefore, database queries may be performed during view rendering. Explicitly configure spring.jpa.open-in-view to disable this warning
2019-03-11 15:47:20,064 [main] INFO  o.s.b.a.w.s.WelcomePageHandlerMapping 61 - Adding welcome page template: index
2019-03-11 15:47:20,433 [main] INFO  o.s.s.c.ThreadPoolTaskScheduler 171 - Initializing ExecutorService 'taskScheduler'
2019-03-11 15:47:20,568 [main] INFO  o.a.coyote.http11.Http11NioProtocol 173 - Starting ProtocolHandler ["http-nio-8080"]
2019-03-11 15:47:20,600 [main] INFO  o.s.b.w.e.tomcat.TomcatWebServer 204 - Tomcat started on port(s): 8080 (http) with context path ''
2019-03-11 15:47:20,602 [main] INFO  com.jiayq.ks.KsApplication 59 - Started KsApplication in 5.846 seconds (JVM running for 6.993)
2019-03-11 15:47:46,298 [http-nio-8080-exec-1] INFO  o.a.c.c.C.[Tomcat].[localhost].[/] 173 - Initializing Spring DispatcherServlet 'dispatcherServlet'
2019-03-11 15:47:46,299 [http-nio-8080-exec-1] INFO  o.s.web.servlet.DispatcherServlet 524 - Initializing Servlet 'dispatcherServlet'
2019-03-11 15:47:46,311 [http-nio-8080-exec-1] INFO  o.s.web.servlet.DispatcherServlet 546 - Completed initialization in 12 ms
